<?xml version="1.0" encoding="UTF-8"?>
<testsuite name="Academy Choucair" tests="1" skipped="0" failures="0" errors="0" timestamp="2020-12-07T01:53:53" hostname="Luis" time="29.999">
  <properties/>
  <testcase name="Search for a automation course" classname="Academy Choucair" time="29.999"/>
  <system-out><![CDATA[]]></system-out>
  <system-err><![CDATA[[Test worker] WARN net.thucydides.core.steps.BaseStepListener - stepStarted: net.thucydides.core.steps.ExecutedStepDescription@4fa1c479
[Test worker] WARN net.thucydides.core.steps.BaseStepListener - stepStarted: net.thucydides.core.steps.ExecutedStepDescription@480ea7ad
[Test worker] WARN net.thucydides.core.steps.BaseStepListener - stepStarted: net.thucydides.core.steps.ExecutedStepDescription@30d77b0b
dic 06, 2020 8:53:54 PM org.openqa.selenium.remote.DesiredCapabilities chrome
INFORMACIÓN: Using `new ChromeOptions()` is preferred to `DesiredCapabilities.chrome()`
[Test worker] INFO net.serenitybdd.core.webdriver.driverproviders.ProvideNewDriver - Instantiating driver
[Test worker] INFO net.serenitybdd.core.webdriver.driverproviders.ProvideNewDriver - Driver capabilities: Capabilities {acceptInsecureCerts: false, browserName: chrome, chrome.switches: --start-maximized, goog:chromeOptions: {args: [--start-maximized], extensions: []}, loggingPrefs: org.openqa.selenium.logging..., platform: ANY, version: }
Starting ChromeDriver 85.0.4183.87 (cd6713ebf92fa1cacc0f1a598df280093af0c5d7-refs/branch-heads/4183@{#1689}) on port 24506
Only local connections are allowed.
Please see https://chromedriver.chromium.org/security-considerations for suggestions on keeping ChromeDriver safe.
ChromeDriver was started successfully.
dic 06, 2020 8:54:01 PM org.openqa.selenium.remote.ProtocolHandshake createSession
INFORMACIÓN: Detected dialect: W3C
[Test worker] WARN net.thucydides.core.steps.BaseStepListener - stepFinished: current outcome:Search for a automation course:Given than luis wants to learn automation at the academy Choucair
| strUser | strPassword |
| 1214739768 | Choucair2020* | [Luis open up [Luis opens the Choucair academy page]]
[Test worker] WARN net.thucydides.core.steps.BaseStepListener - stepFinished: current outcome:Search for a automation course:Given than luis wants to learn automation at the academy Choucair
| strUser | strPassword |
| 1214739768 | Choucair2020* | [Luis open up [Luis opens the Choucair academy page]]
[Test worker] WARN net.thucydides.core.steps.BaseStepListener - stepStarted: net.thucydides.core.steps.ExecutedStepDescription@30fd7ef6
[Test worker] WARN net.thucydides.core.steps.BaseStepListener - stepStarted: net.thucydides.core.steps.ExecutedStepDescription@78d5c93b
[Test worker] WARN net.thucydides.core.steps.BaseStepListener - stepFinished: current outcome:Search for a automation course:Given than luis wants to learn automation at the academy Choucair
| strUser | strPassword |
| 1214739768 | Choucair2020* | [Luis open up [Luis opens the Choucair academy page], Luis login [Luis clicks on button that shows us the form to login]]
[Test worker] WARN net.thucydides.core.steps.BaseStepListener - stepStarted: net.thucydides.core.steps.ExecutedStepDescription@9263cdb
[Test worker] WARN net.thucydides.core.steps.BaseStepListener - stepFinished: current outcome:Search for a automation course:Given than luis wants to learn automation at the academy Choucair
| strUser | strPassword |
| 1214739768 | Choucair2020* | [Luis open up [Luis opens the Choucair academy page], Luis login [Luis clicks on button that shows us the form to login, Luis enters '1214739768' into where do we write the user]]
[Test worker] WARN net.thucydides.core.steps.BaseStepListener - stepStarted: net.thucydides.core.steps.ExecutedStepDescription@5daa0a2d
[Test worker] WARN net.thucydides.core.steps.BaseStepListener - stepFinished: current outcome:Search for a automation course:Given than luis wants to learn automation at the academy Choucair
| strUser | strPassword |
| 1214739768 | Choucair2020* | [Luis open up [Luis opens the Choucair academy page], Luis login [Luis clicks on button that shows us the form to login, Luis enters '1214739768' into where do we write the user, Luis enters 'Choucair2020*' into where do we write the password]]
[Test worker] WARN net.thucydides.core.steps.BaseStepListener - stepStarted: net.thucydides.core.steps.ExecutedStepDescription@5c09766a
[Test worker] WARN net.thucydides.core.steps.BaseStepListener - stepFinished: current outcome:Search for a automation course:Given than luis wants to learn automation at the academy Choucair
| strUser | strPassword |
| 1214739768 | Choucair2020* | [Luis open up [Luis opens the Choucair academy page], Luis login [Luis clicks on button that shows us the form to login, Luis enters '1214739768' into where do we write the user, Luis enters 'Choucair2020*' into where do we write the password, Luis clicks on Button to confirm login]]
[Test worker] WARN net.thucydides.core.steps.BaseStepListener - stepFinished: current outcome:Search for a automation course:Given than luis wants to learn automation at the academy Choucair
| strUser | strPassword |
| 1214739768 | Choucair2020* | [Luis open up [Luis opens the Choucair academy page], Luis login [Luis clicks on button that shows us the form to login, Luis enters '1214739768' into where do we write the user, Luis enters 'Choucair2020*' into where do we write the password, Luis clicks on Button to confirm login]]
[Test worker] WARN net.thucydides.core.steps.BaseStepListener - stepFinished: current outcome:Search for a automation course:Given than luis wants to learn automation at the academy Choucair
| strUser | strPassword |
| 1214739768 | Choucair2020* | [Luis open up [Luis opens the Choucair academy page], Luis login [Luis clicks on button that shows us the form to login, Luis enters '1214739768' into where do we write the user, Luis enters 'Choucair2020*' into where do we write the password, Luis clicks on Button to confirm login]]
[Test worker] WARN net.thucydides.core.steps.BaseStepListener - stepStarted: net.thucydides.core.steps.ExecutedStepDescription@765a5a21
[Test worker] WARN net.thucydides.core.steps.BaseStepListener - stepStarted: net.thucydides.core.steps.ExecutedStepDescription@229f1fee
[Test worker] WARN net.thucydides.core.steps.BaseStepListener - stepStarted: net.thucydides.core.steps.ExecutedStepDescription@a6f5824
[Test worker] WARN net.thucydides.core.steps.BaseStepListener - stepFinished: current outcome:Search for a automation course:Given than luis wants to learn automation at the academy Choucair
| strUser | strPassword |
| 1214739768 | Choucair2020* | [Luis open up [Luis opens the Choucair academy page], Luis login [Luis clicks on button that shows us the form to login, Luis enters '1214739768' into where do we write the user, Luis enters 'Choucair2020*' into where do we write the password, Luis clicks on Button to confirm login]], When he search for the course  on the choucair academy platform
| strCourse |
| Metodología Bancolombia | [Luis search [Luis clicks on enter to courses and certification]]
[Test worker] WARN net.thucydides.core.steps.BaseStepListener - stepStarted: net.thucydides.core.steps.ExecutedStepDescription@5055bf66
[Test worker] WARN net.thucydides.core.steps.BaseStepListener - stepFinished: current outcome:Search for a automation course:Given than luis wants to learn automation at the academy Choucair
| strUser | strPassword |
| 1214739768 | Choucair2020* | [Luis open up [Luis opens the Choucair academy page], Luis login [Luis clicks on button that shows us the form to login, Luis enters '1214739768' into where do we write the user, Luis enters 'Choucair2020*' into where do we write the password, Luis clicks on Button to confirm login]], When he search for the course  on the choucair academy platform
| strCourse |
| Metodología Bancolombia | [Luis search [Luis clicks on enter to courses and certification, Luis enters 'Metodología Bancolombia' into search the course]]
[Test worker] WARN net.thucydides.core.steps.BaseStepListener - stepStarted: net.thucydides.core.steps.ExecutedStepDescription@21c54f9
[Test worker] WARN net.thucydides.core.steps.BaseStepListener - stepFinished: current outcome:Search for a automation course:Given than luis wants to learn automation at the academy Choucair
| strUser | strPassword |
| 1214739768 | Choucair2020* | [Luis open up [Luis opens the Choucair academy page], Luis login [Luis clicks on button that shows us the form to login, Luis enters '1214739768' into where do we write the user, Luis enters 'Choucair2020*' into where do we write the password, Luis clicks on Button to confirm login]], When he search for the course  on the choucair academy platform
| strCourse |
| Metodología Bancolombia | [Luis search [Luis clicks on enter to courses and certification, Luis enters 'Metodología Bancolombia' into search the course, Luis clicks on button confirm search the course]]
[Test worker] WARN net.thucydides.core.steps.BaseStepListener - stepStarted: net.thucydides.core.steps.ExecutedStepDescription@2d91d3b1
[Test worker] WARN net.thucydides.core.steps.BaseStepListener - stepFinished: current outcome:Search for a automation course:Given than luis wants to learn automation at the academy Choucair
| strUser | strPassword |
| 1214739768 | Choucair2020* | [Luis open up [Luis opens the Choucair academy page], Luis login [Luis clicks on button that shows us the form to login, Luis enters '1214739768' into where do we write the user, Luis enters 'Choucair2020*' into where do we write the password, Luis clicks on Button to confirm login]], When he search for the course  on the choucair academy platform
| strCourse |
| Metodología Bancolombia | [Luis search [Luis clicks on enter to courses and certification, Luis enters 'Metodología Bancolombia' into search the course, Luis clicks on button confirm search the course, Luis clicks on enter the course that search]]
[Test worker] WARN net.thucydides.core.steps.BaseStepListener - stepFinished: current outcome:Search for a automation course:Given than luis wants to learn automation at the academy Choucair
| strUser | strPassword |
| 1214739768 | Choucair2020* | [Luis open up [Luis opens the Choucair academy page], Luis login [Luis clicks on button that shows us the form to login, Luis enters '1214739768' into where do we write the user, Luis enters 'Choucair2020*' into where do we write the password, Luis clicks on Button to confirm login]], When he search for the course  on the choucair academy platform
| strCourse |
| Metodología Bancolombia | [Luis search [Luis clicks on enter to courses and certification, Luis enters 'Metodología Bancolombia' into search the course, Luis clicks on button confirm search the course, Luis clicks on enter the course that search]]
[Test worker] WARN net.thucydides.core.steps.BaseStepListener - stepFinished: current outcome:Search for a automation course:Given than luis wants to learn automation at the academy Choucair
| strUser | strPassword |
| 1214739768 | Choucair2020* | [Luis open up [Luis opens the Choucair academy page], Luis login [Luis clicks on button that shows us the form to login, Luis enters '1214739768' into where do we write the user, Luis enters 'Choucair2020*' into where do we write the password, Luis clicks on Button to confirm login]], When he search for the course  on the choucair academy platform
| strCourse |
| Metodología Bancolombia | [Luis search [Luis clicks on enter to courses and certification, Luis enters 'Metodología Bancolombia' into search the course, Luis clicks on button confirm search the course, Luis clicks on enter the course that search]]
[Test worker] WARN net.thucydides.core.steps.BaseStepListener - stepStarted: net.thucydides.core.steps.ExecutedStepDescription@b6fe0e7
[Test worker] WARN net.thucydides.core.steps.BaseStepListener - stepStarted: net.thucydides.core.steps.ExecutedStepDescription@1689ce26
[Test worker] WARN net.thucydides.core.steps.BaseStepListener - stepFinished: current outcome:Search for a automation course:Given than luis wants to learn automation at the academy Choucair
| strUser | strPassword |
| 1214739768 | Choucair2020* | [Luis open up [Luis opens the Choucair academy page], Luis login [Luis clicks on button that shows us the form to login, Luis enters '1214739768' into where do we write the user, Luis enters 'Choucair2020*' into where do we write the password, Luis clicks on Button to confirm login]], When he search for the course  on the choucair academy platform
| strCourse |
| Metodología Bancolombia | [Luis search [Luis clicks on enter to courses and certification, Luis enters 'Metodología Bancolombia' into search the course, Luis clicks on button confirm search the course, Luis clicks on enter the course that search]], Then he finds the course called resources
| strCourse |
| Metodología Bancolombia | [Then answer]
[Test worker] WARN net.thucydides.core.steps.BaseStepListener - stepFinished: current outcome:Search for a automation course:Given than luis wants to learn automation at the academy Choucair
| strUser | strPassword |
| 1214739768 | Choucair2020* | [Luis open up [Luis opens the Choucair academy page], Luis login [Luis clicks on button that shows us the form to login, Luis enters '1214739768' into where do we write the user, Luis enters 'Choucair2020*' into where do we write the password, Luis clicks on Button to confirm login]], When he search for the course  on the choucair academy platform
| strCourse |
| Metodología Bancolombia | [Luis search [Luis clicks on enter to courses and certification, Luis enters 'Metodología Bancolombia' into search the course, Luis clicks on button confirm search the course, Luis clicks on enter the course that search]], Then he finds the course called resources
| strCourse |
| Metodología Bancolombia | [Then answer]
[Test worker] WARN net.thucydides.core.steps.BaseStepListener - testFinished: Search for a automation course:Given than luis wants to learn automation at the academy Choucair
| strUser | strPassword |
| 1214739768 | Choucair2020* | [Luis open up [Luis opens the Choucair academy page], Luis login [Luis clicks on button that shows us the form to login, Luis enters '1214739768' into where do we write the user, Luis enters 'Choucair2020*' into where do we write the password, Luis clicks on Button to confirm login]], When he search for the course  on the choucair academy platform
| strCourse |
| Metodología Bancolombia | [Luis search [Luis clicks on enter to courses and certification, Luis enters 'Metodología Bancolombia' into search the course, Luis clicks on button confirm search the course, Luis clicks on enter the course that search]], Then he finds the course called resources
| strCourse |
| Metodología Bancolombia | [Then answer]
[Test worker] WARN net.thucydides.core.steps.BaseStepListener - TestOutcomes: [Search for a automation course:Given than luis wants to learn automation at the academy Choucair
| strUser | strPassword |
| 1214739768 | Choucair2020* | [Luis open up [Luis opens the Choucair academy page], Luis login [Luis clicks on button that shows us the form to login, Luis enters '1214739768' into where do we write the user, Luis enters 'Choucair2020*' into where do we write the password, Luis clicks on Button to confirm login]], When he search for the course  on the choucair academy platform
| strCourse |
| Metodología Bancolombia | [Luis search [Luis clicks on enter to courses and certification, Luis enters 'Metodología Bancolombia' into search the course, Luis clicks on button confirm search the course, Luis clicks on enter the course that search]], Then he finds the course called resources
| strCourse |
| Metodología Bancolombia | [Then answer]]
[Test worker] WARN net.thucydides.core.steps.BaseStepListener - Final testOutcomes: [Search for a automation course:Given than luis wants to learn automation at the academy Choucair
| strUser | strPassword |
| 1214739768 | Choucair2020* | [Luis open up [Luis opens the Choucair academy page], Luis login [Luis clicks on button that shows us the form to login, Luis enters '1214739768' into where do we write the user, Luis enters 'Choucair2020*' into where do we write the password, Luis clicks on Button to confirm login]], When he search for the course  on the choucair academy platform
| strCourse |
| Metodología Bancolombia | [Luis search [Luis clicks on enter to courses and certification, Luis enters 'Metodología Bancolombia' into search the course, Luis clicks on button confirm search the course, Luis clicks on enter the course that search]], Then he finds the course called resources
| strCourse |
| Metodología Bancolombia | [Then answer]]
[Test worker] INFO net.thucydides.core.steps.ConsoleLoggingListener - 
        __    _____ _____ ____ _____   ____   _    ____  ____  _____ ____  
  _     \ \  |_   _| ____/ ___|_   _| |  _ \ / \  / ___|/ ___|| ____|  _ \ 
 (_)_____| |   | | |  _| \___ \ | |   | |_) / _ \ \___ \\___ \|  _| | | | |
  _|_____| |   | | | |___ ___) || |   |  __/ ___ \ ___) |___) | |___| |_| |
 (_)     | |   |_| |_____|____/ |_|   |_| /_/   \_\____/|____/|_____|____/ 
        /_/                                                                

TEST PASSED: Search for a automation course
----------------------------------------------------------------------------
]]></system-err>
</testsuite>
